<?xml version="1.0" encoding="UTF-8"?>
<!-- Generated by org.testng.reporters.JUnitReportReporter -->
<testsuite skipped="0" hostname="DESKTOP-GEJ4DBQ" name="testcases.SampleTest2" tests="1" failures="0" timestamp="29 Jan 2020 20:13:19 GMT" time="33.528" errors="0">
  <testcase name="sampleTest2" time="33.528" classname="testcases.SampleTest2"/>
</testsuite> <!-- testcases.SampleTest2 -->
